0 silly argv {
0 silly argv   _: [ 'create' ],
0 silly argv   lernaVersion: '8.1.8',
0 silly argv   '$0': 'node_modules/lerna/dist/cli.js',
0 silly argv   name: 'vite-pg'
0 silly argv }
1 notice cli v8.1.8
2 verbose packageConfigs Package manager "pnpm" detected. Resolving packages using `pnpm-workspace.yaml`.
3 verbose rootPath /Users/tomdavies/Documents/code/personal/hg-monorepo
4 info versioning independent
5 error Error: canceled
5 error     at Interface.<anonymous> (/Users/tomdavies/Documents/code/personal/hg-monorepo/node_modules/.pnpm/read@3.0.1/node_modules/read/dist/commonjs/read.js:89:21)
5 error     at Interface.emit (node:events:518:28)
5 error     at [_ttyWrite] [as _ttyWrite] (node:internal/readline/interface:1125:18)
5 error     at ReadStream.onkeypress (node:internal/readline/interface:264:20)
5 error     at ReadStream.emit (node:events:518:28)
5 error     at emitKeys (node:internal/readline/utils:371:14)
5 error     at emitKeys.next (<anonymous>)
5 error     at ReadStream.onData (node:internal/readline/emitKeypressEvents:64:36)
5 error     at ReadStream.emit (node:events:518:28)
